<?xml version="1.0" encoding="UTF-8"?>
<!-- Generated by org.testng.reporters.JUnitReportReporter -->
<testsuite hostname="DESKTOP-35QI2EL" failures="0" tests="1" name="testClasses.AppointmentPatientTest" time="26.367" errors="0" timestamp="2025-05-13T20:15:13 IST" skipped="0">
  <testcase classname="testClasses.AppointmentPatientTest" name="appointmentPatient" time="26.367"/>
  <system-out>
    <![CDATA[My Test Case got passed]]>
  </system-out>
</testsuite> <!-- testClasses.AppointmentPatientTest -->
