<?xml version="1.0" encoding="UTF-8"?>
<!-- Generated by org.testng.reporters.JUnitReportReporter -->
<testsuite hostname="DESKTOP-35QI2EL" failures="0" tests="1" name="testClasses.Extent_Report" time="0.054" errors="0" timestamp="2025-05-04T22:23:15 IST" skipped="0">
  <testcase classname="testClasses.Extent_Report" name="demoTest" time="0.054"/>
  <system-out>
    <![CDATA[All scenarios passed
My Test Case got passed]]>
  </system-out>
</testsuite> <!-- testClasses.Extent_Report -->
