<?xml version="1.0" encoding="UTF-8"?>
<!-- Generated by org.testng.reporters.JUnitReportReporter -->
<testsuite hostname="DESKTOP-35QI2EL" failures="0" tests="1" name="testClasses.LoginTest" time="13.014" errors="0" timestamp="2025-05-13T17:43:49 IST" skipped="0">
  <testcase classname="testClasses.LoginTest" name="executeLoginTest" time="13.014"/>
  <system-out>
    <![CDATA[My Test Case got passed]]>
  </system-out>
</testsuite> <!-- testClasses.LoginTest -->
