<?xml version="1.0" encoding="UTF-8"?>
<!-- Generated by org.testng.reporters.JUnitReportReporter -->
<testsuite hostname="DESKTOP-35QI2EL" failures="0" tests="1" name="testClasses.LoginTest" time="10.985" errors="0" timestamp="2025-05-13T20:18:36 IST" skipped="0">
  <testcase classname="testClasses.LoginTest" name="executeLoginTest" time="10.985"/>
  <system-out>
    <![CDATA[My Test Case got passed]]>
  </system-out>
</testsuite> <!-- testClasses.LoginTest -->
